#
# There is insufficient memory for the Java Runtime Environment to continue.
# Native memory allocation (malloc) failed to allocate 952976 bytes for Chunk::new
# Possible reasons:
#   The system is out of physical RAM or swap space
#   The process is running with CompressedOops enabled, and the Java Heap may be blocking the growth of the native heap
# Possible solutions:
#   Reduce memory load on the system
#   Increase physical memory or swap space
#   Check if swap backing store is full
#   Decrease Java heap size (-Xmx/-Xms)
#   Decrease number of Java threads
#   Decrease Java thread stack sizes (-Xss)
#   Set larger code cache with -XX:ReservedCodeCacheSize=
#   JVM is running with Unscaled Compressed Oops mode in which the Java heap is
#     placed in the first 4GB address space. The Java Heap base address is the
#     maximum limit for the native heap growth. Please use -XX:HeapBaseMinAddress
#     to set the Java Heap base and to place the Java Heap above 4GB virtual address.
# This output file may be truncated or incomplete.
#
#  Out of Memory Error (arena.cpp:168), pid=15516, tid=15464
#
# JRE version: Java(TM) SE Runtime Environment (21.0.1+12) (build 21.0.1+12-LTS-29)
# Java VM: Java HotSpot(TM) 64-Bit Server VM (21.0.1+12-LTS-29, mixed mode, sharing, tiered, compressed oops, compressed class ptrs, g1 gc, windows-amd64)
# No core dump will be written. Minidumps are not enabled by default on client versions of Windows
#

---------------  S U M M A R Y ------------

Command Line: --module-path=C:\Users\ASUS\.gradle\caches\modules-2\files-2.1\org.openjfx\javafx-controls\21.0.1\f97557705aba7fb552fe1bf6e4bdb72bab1924ba\javafx-controls-21.0.1-win.jar;C:\Users\ASUS\.gradle\caches\modules-2\files-2.1\org.openjfx\javafx-graphics\21.0.1\f92cc4656711f2ce8b1928d3b063fd4746ea23e4\javafx-graphics-21.0.1-win.jar;C:\Users\ASUS\.gradle\caches\modules-2\files-2.1\org.openjfx\javafx-base\21.0.1\adb6ee2aa7dff77286a0673dd0c001e318e7224\javafx-base-21.0.1-win.jar --add-modules=javafx.controls -Dfile.encoding=UTF-8 -Duser.country=US -Duser.language=en -Duser.variant handtohand.App

Host: Intel(R) Celeron(R) N4020 CPU @ 1.10GHz, 2 cores, 3G,  Windows 11 , 64 bit Build 22621 (10.0.22621.3527)
Time: Mon Jun  3 03:48:44 2024 Malay Peninsula Standard Time elapsed time: 98.035245 seconds (0d 0h 1m 38s)

---------------  T H R E A D  ---------------

Current thread (0x000001f8bc461450):  JavaThread "C2 CompilerThread0" daemon [_thread_in_native, id=15464, stack(0x000000d299e00000,0x000000d299f00000) (1024K)]


Current CompileTask:
C2:  98035 4464   !   4       javafx.scene.CssStyleHelper::transitionToState (1039 bytes)

Stack: [0x000000d299e00000,0x000000d299f00000]
Native frames: (J=compiled Java code, j=interpreted, Vv=VM code, C=native code)
V  [jvm.dll+0x6c9029]
V  [jvm.dll+0x854b81]
V  [jvm.dll+0x856e5e]
V  [jvm.dll+0x857543]
V  [jvm.dll+0x280c06]
V  [jvm.dll+0xc3ead]
V  [jvm.dll+0xc43c3]
V  [jvm.dll+0x2f3f3f]
V  [jvm.dll+0x5f40a6]
V  [jvm.dll+0x252bef]
V  [jvm.dll+0x24b4d0]
V  [jvm.dll+0x248fa3]
V  [jvm.dll+0x1c9ca1]
V  [jvm.dll+0x2586b9]
V  [jvm.dll+0x256c9a]
V  [jvm.dll+0x3ef1b6]
V  [jvm.dll+0x7fd728]
V  [jvm.dll+0x6c777d]
C  [ucrtbase.dll+0x29333]
C  [KERNEL32.DLL+0x1257d]
C  [ntdll.dll+0x5aa48]


---------------  P R O C E S S  ---------------

Threads class SMR info:
_java_thread_list=0x000001f8feeef140, length=18, elements={
0x000001f89fbf0f10, 0x000001f8bc446f10, 0x000001f8bc44ad40, 0x000001f8bc44c140,
0x000001f8bc450320, 0x000001f8bc450eb0, 0x000001f8bc453c00, 0x000001f8bc461450,
0x000001f8bc464c60, 0x000001f8bc43c970, 0x000001f8fe0b2940, 0x000001f8fe471fb0,
0x000001f8fe5794a0, 0x000001f8fe579b10, 0x000001f8fe7c5560, 0x000001f8fe7c5bd0,
0x000001f8ff3ff610, 0x000001f8ff3ffca0
}

Java Threads: ( => current thread )
  0x000001f89fbf0f10 JavaThread "main"                              [_thread_blocked, id=13004, stack(0x000000d299000000,0x000000d299100000) (1024K)]
  0x000001f8bc446f10 JavaThread "Reference Handler"          daemon [_thread_blocked, id=12980, stack(0x000000d299800000,0x000000d299900000) (1024K)]
  0x000001f8bc44ad40 JavaThread "Finalizer"                  daemon [_thread_blocked, id=11768, stack(0x000000d299900000,0x000000d299a00000) (1024K)]
  0x000001f8bc44c140 JavaThread "Signal Dispatcher"          daemon [_thread_blocked, id=6484, stack(0x000000d299a00000,0x000000d299b00000) (1024K)]
  0x000001f8bc450320 JavaThread "Attach Listener"            daemon [_thread_blocked, id=13324, stack(0x000000d299b00000,0x000000d299c00000) (1024K)]
  0x000001f8bc450eb0 JavaThread "Service Thread"             daemon [_thread_blocked, id=14120, stack(0x000000d299c00000,0x000000d299d00000) (1024K)]
  0x000001f8bc453c00 JavaThread "Monitor Deflation Thread"   daemon [_thread_blocked, id=15800, stack(0x000000d299d00000,0x000000d299e00000) (1024K)]
=>0x000001f8bc461450 JavaThread "C2 CompilerThread0"         daemon [_thread_in_native, id=15464, stack(0x000000d299e00000,0x000000d299f00000) (1024K)]
  0x000001f8bc464c60 JavaThread "C1 CompilerThread0"         daemon [_thread_blocked, id=13224, stack(0x000000d299f00000,0x000000d29a000000) (1024K)]
  0x000001f8bc43c970 JavaThread "Common-Cleaner"             daemon [_thread_blocked, id=5748, stack(0x000000d29a000000,0x000000d29a100000) (1024K)]
  0x000001f8fe0b2940 JavaThread "Notification Thread"        daemon [_thread_blocked, id=13644, stack(0x000000d29a100000,0x000000d29a200000) (1024K)]
  0x000001f8fe471fb0 JavaThread "QuantumRenderer-0"          daemon [_thread_in_native, id=3700, stack(0x000000d29a300000,0x000000d29a400000) (1024K)]
  0x000001f8fe5794a0 JavaThread "InvokeLaterDispatcher"      daemon [_thread_blocked, id=15708, stack(0x000000d29a400000,0x000000d29a500000) (1024K)]
  0x000001f8fe579b10 JavaThread "JavaFX Application Thread"         [_thread_blocked, id=2816, stack(0x000000d29a500000,0x000000d29a600000) (1024K)]
  0x000001f8fe7c5560 JavaThread "JavaFX-Launcher"                   [_thread_blocked, id=12840, stack(0x000000d29a900000,0x000000d29aa00000) (1024K)]
  0x000001f8fe7c5bd0 JavaThread "Thread-2"                   daemon [_thread_in_native, id=9728, stack(0x000000d29a800000,0x000000d29a900000) (1024K)]
  0x000001f8ff3ff610 JavaThread "Prism Font Disposer"        daemon [_thread_blocked, id=3900, stack(0x000000d29ad00000,0x000000d29ae00000) (1024K)]
  0x000001f8ff3ffca0 JavaThread "Cleaner-0"                  daemon [_thread_blocked, id=13948, stack(0x000000d29ae00000,0x000000d29af00000) (1024K)]
Total: 18

Other Threads:
  0x000001f8a1de0100 VMThread "VM Thread"                           [id=12128, stack(0x000000d299700000,0x000000d299800000) (1024K)]
  0x000001f8a1dc5350 WatcherThread "VM Periodic Task Thread"        [id=10084, stack(0x000000d299600000,0x000000d299700000) (1024K)]
  0x000001f8a1d61400 WorkerThread "GC Thread#0"                     [id=3068, stack(0x000000d299100000,0x000000d299200000) (1024K)]
  0x000001f8fe0520c0 WorkerThread "GC Thread#1"                     [id=11480, stack(0x000000d29a200000,0x000000d29a300000) (1024K)]
  0x000001f8a1d6a010 ConcurrentGCThread "G1 Main Marker"            [id=10024, stack(0x000000d299200000,0x000000d299300000) (1024K)]
  0x000001f8a1d6b460 WorkerThread "G1 Conc#0"                       [id=4180, stack(0x000000d299300000,0x000000d299400000) (1024K)]
  0x000001f8a1db6060 ConcurrentGCThread "G1 Refine#0"               [id=15380, stack(0x000000d299400000,0x000000d299500000) (1024K)]
  0x000001f8a1db6bd0 ConcurrentGCThread "G1 Service"                [id=2876, stack(0x000000d299500000,0x000000d299600000) (1024K)]
Total: 8

Threads with active compile tasks:
C2 CompilerThread0    98079 4464   !   4       javafx.scene.CssStyleHelper::transitionToState (1039 bytes)
Total: 1

VM state: not at safepoint (normal execution)

VM Mutex/Monitor currently owned by a thread: None

Heap address: 0x00000000c2c00000, size: 980 MB, Compressed Oops mode: 32-bit

CDS archive(s) mapped at: [0x000001f8bd000000-0x000001f8bdc90000-0x000001f8bdc90000), size 13172736, SharedBaseAddress: 0x000001f8bd000000, ArchiveRelocationMode: 1.
Compressed class space mapped at: 0x000001f8be000000-0x000001f8fe000000, reserved size: 1073741824
Narrow klass base: 0x000001f8bd000000, Narrow klass shift: 0, Narrow klass range: 0x100000000

GC Precious Log:
 CardTable entry size: 512
 Card Set container configuration: InlinePtr #cards 5 size 8 Array Of Cards #cards 12 size 40 Howl #buckets 4 coarsen threshold 1843 Howl Bitmap #cards 512 size 80 coarsen threshold 460 Card regions per heap region 1 cards per card region 2048
 CPUs: 2 total, 2 available
 Memory: 3918M
 Large Page Support: Disabled
 NUMA Support: Disabled
 Compressed Oops: Enabled (32-bit)
 Heap Region Size: 1M
 Heap Min Capacity: 8M
 Heap Initial Capacity: 62M
 Heap Max Capacity: 980M
 Pre-touch: Disabled
 Parallel Workers: 2
 Concurrent Workers: 1
 Concurrent Refinement Workers: 2
 Periodic GC: Disabled

Heap:
 garbage-first heap   total 63488K, used 33325K [0x00000000c2c00000, 0x0000000100000000)
  region size 1024K, 18 young (18432K), 5 survivors (5120K)
 Metaspace       used 18777K, committed 19008K, reserved 1114112K
  class space    used 2769K, committed 2880K, reserved 1048576K

Heap Regions: E=young(eden), S=young(survivor), O=old, HS=humongous(starts), HC=humongous(continues), CS=collection set, F=free, TAMS=top-at-mark-start, PB=parsable bottom
|   0|0x00000000c2c00000, 0x00000000c2d00000, 0x00000000c2d00000|100%| O|  |TAMS 0x00000000c2c00000| PB 0x00000000c2c00000| Untracked 
|   1|0x00000000c2d00000, 0x00000000c2e00000, 0x00000000c2e00000|100%|HS|  |TAMS 0x00000000c2d00000| PB 0x00000000c2d00000| Complete 
|   2|0x00000000c2e00000, 0x00000000c2f00000, 0x00000000c2f00000|100%|HC|  |TAMS 0x00000000c2e00000| PB 0x00000000c2e00000| Complete 
|   3|0x00000000c2f00000, 0x00000000c3000000, 0x00000000c3000000|100%| O|  |TAMS 0x00000000c2f00000| PB 0x00000000c2f00000| Untracked 
|   4|0x00000000c3000000, 0x00000000c3100000, 0x00000000c3100000|100%| O|  |TAMS 0x00000000c3000000| PB 0x00000000c3000000| Untracked 
|   5|0x00000000c3100000, 0x00000000c3200000, 0x00000000c3200000|100%| O|  |TAMS 0x00000000c3100000| PB 0x00000000c3100000| Untracked 
|   6|0x00000000c3200000, 0x00000000c3300000, 0x00000000c3300000|100%| O|  |TAMS 0x00000000c3200000| PB 0x00000000c3200000| Untracked 
|   7|0x00000000c3300000, 0x00000000c33f27c0, 0x00000000c3400000| 94%| O|  |TAMS 0x00000000c3300000| PB 0x00000000c3300000| Untracked 
|   8|0x00000000c3400000, 0x00000000c3500000, 0x00000000c3500000|100%|HS|  |TAMS 0x00000000c3400000| PB 0x00000000c3400000| Complete 
|   9|0x00000000c3500000, 0x00000000c3600000, 0x00000000c3600000|100%|HC|  |TAMS 0x00000000c3500000| PB 0x00000000c3500000| Complete 
|  10|0x00000000c3600000, 0x00000000c3700000, 0x00000000c3700000|100%|HC|  |TAMS 0x00000000c3600000| PB 0x00000000c3600000| Complete 
|  11|0x00000000c3700000, 0x00000000c3800000, 0x00000000c3800000|100%|HC|  |TAMS 0x00000000c3700000| PB 0x00000000c3700000| Complete 
|  12|0x00000000c3800000, 0x00000000c3900000, 0x00000000c3900000|100%|HC|  |TAMS 0x00000000c3800000| PB 0x00000000c3800000| Complete 
|  13|0x00000000c3900000, 0x00000000c3a00000, 0x00000000c3a00000|100%|HC|  |TAMS 0x00000000c3900000| PB 0x00000000c3900000| Complete 
|  14|0x00000000c3a00000, 0x00000000c3b00000, 0x00000000c3b00000|100%|HS|  |TAMS 0x00000000c3a00000| PB 0x00000000c3a00000| Complete 
|  15|0x00000000c3b00000, 0x00000000c3c00000, 0x00000000c3c00000|100%|HC|  |TAMS 0x00000000c3b00000| PB 0x00000000c3b00000| Complete 
|  16|0x00000000c3c00000, 0x00000000c3c00000, 0x00000000c3d00000|  0%| F|  |TAMS 0x00000000c3c00000| PB 0x00000000c3c00000| Untracked 
|  17|0x00000000c3d00000, 0x00000000c3d00000, 0x00000000c3e00000|  0%| F|  |TAMS 0x00000000c3d00000| PB 0x00000000c3d00000| Untracked 
|  18|0x00000000c3e00000, 0x00000000c3e00000, 0x00000000c3f00000|  0%| F|  |TAMS 0x00000000c3e00000| PB 0x00000000c3e00000| Untracked 
|  19|0x00000000c3f00000, 0x00000000c3f00000, 0x00000000c4000000|  0%| F|  |TAMS 0x00000000c3f00000| PB 0x00000000c3f00000| Untracked 
|  20|0x00000000c4000000, 0x00000000c4000000, 0x00000000c4100000|  0%| F|  |TAMS 0x00000000c4000000| PB 0x00000000c4000000| Untracked 
|  21|0x00000000c4100000, 0x00000000c4100000, 0x00000000c4200000|  0%| F|  |TAMS 0x00000000c4100000| PB 0x00000000c4100000| Untracked 
|  22|0x00000000c4200000, 0x00000000c4200000, 0x00000000c4300000|  0%| F|  |TAMS 0x00000000c4200000| PB 0x00000000c4200000| Untracked 
|  23|0x00000000c4300000, 0x00000000c4300000, 0x00000000c4400000|  0%| F|  |TAMS 0x00000000c4300000| PB 0x00000000c4300000| Untracked 
|  24|0x00000000c4400000, 0x00000000c4400000, 0x00000000c4500000|  0%| F|  |TAMS 0x00000000c4400000| PB 0x00000000c4400000| Untracked 
|  25|0x00000000c4500000, 0x00000000c4598dd0, 0x00000000c4600000| 59%| S|CS|TAMS 0x00000000c4500000| PB 0x00000000c4500000| Complete 
|  26|0x00000000c4600000, 0x00000000c4700000, 0x00000000c4700000|100%| S|CS|TAMS 0x00000000c4600000| PB 0x00000000c4600000| Complete 
|  27|0x00000000c4700000, 0x00000000c4800000, 0x00000000c4800000|100%| S|CS|TAMS 0x00000000c4700000| PB 0x00000000c4700000| Complete 
|  28|0x00000000c4800000, 0x00000000c4900000, 0x00000000c4900000|100%| S|CS|TAMS 0x00000000c4800000| PB 0x00000000c4800000| Complete 
|  29|0x00000000c4900000, 0x00000000c4a00000, 0x00000000c4a00000|100%| S|CS|TAMS 0x00000000c4900000| PB 0x00000000c4900000| Complete 
|  30|0x00000000c4a00000, 0x00000000c4a00000, 0x00000000c4b00000|  0%| F|  |TAMS 0x00000000c4a00000| PB 0x00000000c4a00000| Untracked 
|  31|0x00000000c4b00000, 0x00000000c4b00000, 0x00000000c4c00000|  0%| F|  |TAMS 0x00000000c4b00000| PB 0x00000000c4b00000| Untracked 
|  32|0x00000000c4c00000, 0x00000000c4c00000, 0x00000000c4d00000|  0%| F|  |TAMS 0x00000000c4c00000| PB 0x00000000c4c00000| Untracked 
|  33|0x00000000c4d00000, 0x00000000c4d00000, 0x00000000c4e00000|  0%| F|  |TAMS 0x00000000c4d00000| PB 0x00000000c4d00000| Untracked 
|  34|0x00000000c4e00000, 0x00000000c4e00000, 0x00000000c4f00000|  0%| F|  |TAMS 0x00000000c4e00000| PB 0x00000000c4e00000| Untracked 
|  35|0x00000000c4f00000, 0x00000000c4f00000, 0x00000000c5000000|  0%| F|  |TAMS 0x00000000c4f00000| PB 0x00000000c4f00000| Untracked 
|  36|0x00000000c5000000, 0x00000000c5000000, 0x00000000c5100000|  0%| F|  |TAMS 0x00000000c5000000| PB 0x00000000c5000000| Untracked 
|  37|0x00000000c5100000, 0x00000000c5100000, 0x00000000c5200000|  0%| F|  |TAMS 0x00000000c5100000| PB 0x00000000c5100000| Untracked 
|  38|0x00000000c5200000, 0x00000000c5200000, 0x00000000c5300000|  0%| F|  |TAMS 0x00000000c5200000| PB 0x00000000c5200000| Untracked 
|  39|0x00000000c5300000, 0x00000000c5300000, 0x00000000c5400000|  0%| F|  |TAMS 0x00000000c5300000| PB 0x00000000c5300000| Untracked 
|  40|0x00000000c5400000, 0x00000000c5400000, 0x00000000c5500000|  0%| F|  |TAMS 0x00000000c5400000| PB 0x00000000c5400000| Untracked 
|  41|0x00000000c5500000, 0x00000000c5500000, 0x00000000c5600000|  0%| F|  |TAMS 0x00000000c5500000| PB 0x00000000c5500000| Untracked 
|  42|0x00000000c5600000, 0x00000000c5600000, 0x00000000c5700000|  0%| F|  |TAMS 0x00000000c5600000| PB 0x00000000c5600000| Untracked 
|  43|0x00000000c5700000, 0x00000000c5700000, 0x00000000c5800000|  0%| F|  |TAMS 0x00000000c5700000| PB 0x00000000c5700000| Untracked 
|  44|0x00000000c5800000, 0x00000000c5800000, 0x00000000c5900000|  0%| F|  |TAMS 0x00000000c5800000| PB 0x00000000c5800000| Untracked 
|  45|0x00000000c5900000, 0x00000000c5900000, 0x00000000c5a00000|  0%| F|  |TAMS 0x00000000c5900000| PB 0x00000000c5900000| Untracked 
|  46|0x00000000c5a00000, 0x00000000c5a00000, 0x00000000c5b00000|  0%| F|  |TAMS 0x00000000c5a00000| PB 0x00000000c5a00000| Untracked 
|  47|0x00000000c5b00000, 0x00000000c5b00000, 0x00000000c5c00000|  0%| F|  |TAMS 0x00000000c5b00000| PB 0x00000000c5b00000| Untracked 
|  48|0x00000000c5c00000, 0x00000000c5c00000, 0x00000000c5d00000|  0%| F|  |TAMS 0x00000000c5c00000| PB 0x00000000c5c00000| Untracked 
|  49|0x00000000c5d00000, 0x00000000c5de5e58, 0x00000000c5e00000| 89%| E|  |TAMS 0x00000000c5d00000| PB 0x00000000c5d00000| Complete 
|  50|0x00000000c5e00000, 0x00000000c5f00000, 0x00000000c5f00000|100%| E|CS|TAMS 0x00000000c5e00000| PB 0x00000000c5e00000| Complete 
|  51|0x00000000c5f00000, 0x00000000c6000000, 0x00000000c6000000|100%| E|CS|TAMS 0x00000000c5f00000| PB 0x00000000c5f00000| Complete 
|  52|0x00000000c6000000, 0x00000000c6100000, 0x00000000c6100000|100%| E|CS|TAMS 0x00000000c6000000| PB 0x00000000c6000000| Complete 
|  53|0x00000000c6100000, 0x00000000c6200000, 0x00000000c6200000|100%| E|CS|TAMS 0x00000000c6100000| PB 0x00000000c6100000| Complete 
|  54|0x00000000c6200000, 0x00000000c6300000, 0x00000000c6300000|100%| E|CS|TAMS 0x00000000c6200000| PB 0x00000000c6200000| Complete 
|  55|0x00000000c6300000, 0x00000000c6400000, 0x00000000c6400000|100%| E|CS|TAMS 0x00000000c6300000| PB 0x00000000c6300000| Complete 
|  56|0x00000000c6400000, 0x00000000c6500000, 0x00000000c6500000|100%| E|CS|TAMS 0x00000000c6400000| PB 0x00000000c6400000| Complete 
|  57|0x00000000c6500000, 0x00000000c6600000, 0x00000000c6600000|100%| E|CS|TAMS 0x00000000c6500000| PB 0x00000000c6500000| Complete 
|  58|0x00000000c6600000, 0x00000000c6700000, 0x00000000c6700000|100%| E|CS|TAMS 0x00000000c6600000| PB 0x00000000c6600000| Complete 
|  59|0x00000000c6700000, 0x00000000c6800000, 0x00000000c6800000|100%| E|CS|TAMS 0x00000000c6700000| PB 0x00000000c6700000| Complete 
|  60|0x00000000c6800000, 0x00000000c6900000, 0x00000000c6900000|100%| E|CS|TAMS 0x00000000c6800000| PB 0x00000000c6800000| Complete 
|  61|0x00000000c6900000, 0x00000000c6a00000, 0x00000000c6a00000|100%| E|CS|TAMS 0x00000000c6900000| PB 0x00000000c6900000| Complete 

Card table byte_map: [0x000001f8a1b00000,0x000001f8a1cf0000] _byte_map_base: 0x000001f8a14ea000

Marking Bits: (CMBitMap*) 0x000001f8a1d61b00
 Bits: [0x000001f8b9180000, 0x000001f8ba0d0000)

Polling page: 0x000001f89fec0000

Metaspace:

Usage:
  Non-class:     15.63 MB used.
      Class:      2.70 MB used.
       Both:     18.34 MB used.

Virtual space:
  Non-class space:       64.00 MB reserved,      15.75 MB ( 25%) committed,  1 nodes.
      Class space:        1.00 GB reserved,       2.81 MB ( <1%) committed,  1 nodes.
             Both:        1.06 GB reserved,      18.56 MB (  2%) committed. 

Chunk freelists:
   Non-Class:  15.38 MB
       Class:  13.20 MB
        Both:  28.58 MB

MaxMetaspaceSize: unlimited
CompressedClassSpaceSize: 1.00 GB
Initial GC threshold: 21.00 MB
Current GC threshold: 21.00 MB
CDS: on
 - commit_granule_bytes: 65536.
 - commit_granule_words: 8192.
 - virtual_space_node_default_size: 8388608.
 - enlarge_chunks_in_place: 1.
 - use_allocation_guard: 0.


Internal statistics:

num_allocs_failed_limit: 0.
num_arena_births: 292.
num_arena_deaths: 0.
num_vsnodes_births: 2.
num_vsnodes_deaths: 0.
num_space_committed: 297.
num_space_uncommitted: 0.
num_chunks_returned_to_freelist: 0.
num_chunks_taken_from_freelist: 965.
num_chunk_merges: 0.
num_chunk_splits: 688.
num_chunks_enlarged: 529.
num_inconsistent_stats: 0.

CodeHeap 'non-profiled nmethods': size=120064Kb used=2076Kb max_used=2076Kb free=117987Kb
 bounds [0x000001f8b1c40000, 0x000001f8b1eb0000, 0x000001f8b9180000]
CodeHeap 'profiled nmethods': size=120000Kb used=9722Kb max_used=9722Kb free=110277Kb
 bounds [0x000001f8aa180000, 0x000001f8aab00000, 0x000001f8b16b0000]
CodeHeap 'non-nmethods': size=5696Kb used=1822Kb max_used=1844Kb free=3873Kb
 bounds [0x000001f8b16b0000, 0x000001f8b1920000, 0x000001f8b1c40000]
 total_blobs=5305 nmethods=4480 adapters=728
 compilation: enabled
              stopped_count=0, restarted_count=0
 full_count=0

Compilation events (20 events):
Event: 97.904 Thread 0x000001f8bc464c60 4483       3       com.sun.javafx.text.PrismTextLayout::computeSideBearings (442 bytes)
Event: 97.907 Thread 0x000001f8bc464c60 nmethod 4483 0x000001f8aaaed890 code [0x000001f8aaaedbe0, 0x000001f8aaaef250]
Event: 97.907 Thread 0x000001f8bc464c60 4484       3       com.sun.javafx.text.TextRun::setLocation (14 bytes)
Event: 97.907 Thread 0x000001f8bc464c60 nmethod 4484 0x000001f8aaaefc10 code [0x000001f8aaaefdc0, 0x000001f8aaaf0050]
Event: 97.909 Thread 0x000001f8bc464c60 4485       3       com.sun.javafx.sg.prism.NGGroup::clearFrom (51 bytes)
Event: 97.910 Thread 0x000001f8bc464c60 nmethod 4485 0x000001f8aaaf0190 code [0x000001f8aaaf0420, 0x000001f8aaaf0fc0]
Event: 97.910 Thread 0x000001f8bc464c60 4486       3       com.sun.javafx.sg.prism.NGGroup::setViewOrderChildren (61 bytes)
Event: 97.911 Thread 0x000001f8bc464c60 nmethod 4486 0x000001f8aaaf1310 code [0x000001f8aaaf15a0, 0x000001f8aaaf2138]
Event: 97.911 Thread 0x000001f8bc464c60 4487       3       com.sun.javafx.sg.prism.NGRegion::setSize (46 bytes)
Event: 97.911 Thread 0x000001f8bc464c60 nmethod 4487 0x000001f8aaaf2510 code [0x000001f8aaaf2720, 0x000001f8aaaf2e10]
Event: 97.911 Thread 0x000001f8bc464c60 4488       3       com.sun.javafx.sg.prism.NGRegion::updateShape (71 bytes)
Event: 97.912 Thread 0x000001f8bc464c60 nmethod 4488 0x000001f8aaaf3090 code [0x000001f8aaaf3300, 0x000001f8aaaf3f58]
Event: 97.912 Thread 0x000001f8bc464c60 4489       3       com.sun.javafx.sg.prism.NGRegion::updateBorder (49 bytes)
Event: 97.913 Thread 0x000001f8bc464c60 nmethod 4489 0x000001f8aaaf4310 code [0x000001f8aaaf45c0, 0x000001f8aaaf5200]
Event: 97.914 Thread 0x000001f8bc464c60 4490       3       com.sun.javafx.sg.prism.NGShape::setFillPaint (42 bytes)
Event: 97.915 Thread 0x000001f8bc464c60 nmethod 4490 0x000001f8aaaf5610 code [0x000001f8aaaf5860, 0x000001f8aaaf62f8]
Event: 97.920 Thread 0x000001f8bc464c60 4491       3       javafx.scene.layout.CornerRadii::<init> (313 bytes)
Event: 97.921 Thread 0x000001f8bc464c60 nmethod 4491 0x000001f8aaaf6610 code [0x000001f8aaaf6820, 0x000001f8aaaf7538]
Event: 97.922 Thread 0x000001f8bc464c60 4492       3       javafx.scene.layout.VBox::layoutChildren (240 bytes)
Event: 97.930 Thread 0x000001f8bc464c60 nmethod 4492 0x000001f8aaaf7710 code [0x000001f8aaaf7ea0, 0x000001f8aaafc878]

GC Heap History (10 events):
Event: 0.465 GC heap before
{Heap before GC invocations=0 (full 0):
 garbage-first heap   total 63488K, used 5120K [0x00000000c2c00000, 0x0000000100000000)
  region size 1024K, 6 young (6144K), 0 survivors (0K)
 Metaspace       used 491K, committed 704K, reserved 1114112K
  class space    used 25K, committed 128K, reserved 1048576K
}
Event: 0.472 GC heap after
{Heap after GC invocations=1 (full 0):
 garbage-first heap   total 63488K, used 784K [0x00000000c2c00000, 0x0000000100000000)
  region size 1024K, 1 young (1024K), 1 survivors (1024K)
 Metaspace       used 491K, committed 704K, reserved 1114112K
  class space    used 25K, committed 128K, reserved 1048576K
}
Event: 1.189 GC heap before
{Heap before GC invocations=1 (full 0):
 garbage-first heap   total 63488K, used 6928K [0x00000000c2c00000, 0x0000000100000000)
  region size 1024K, 8 young (8192K), 1 survivors (1024K)
 Metaspace       used 1960K, committed 2112K, reserved 1114112K
  class space    used 199K, committed 320K, reserved 1048576K
}
Event: 1.196 GC heap after
{Heap after GC invocations=2 (full 0):
 garbage-first heap   total 63488K, used 1737K [0x00000000c2c00000, 0x0000000100000000)
  region size 1024K, 1 young (1024K), 1 survivors (1024K)
 Metaspace       used 1960K, committed 2112K, reserved 1114112K
  class space    used 199K, committed 320K, reserved 1048576K
}
Event: 1.899 GC heap before
{Heap before GC invocations=2 (full 0):
 garbage-first heap   total 63488K, used 11977K [0x00000000c2c00000, 0x0000000100000000)
  region size 1024K, 12 young (12288K), 1 survivors (1024K)
 Metaspace       used 4962K, committed 5120K, reserved 1114112K
  class space    used 620K, committed 704K, reserved 1048576K
}
Event: 1.906 GC heap after
{Heap after GC invocations=3 (full 0):
 garbage-first heap   total 63488K, used 2549K [0x00000000c2c00000, 0x0000000100000000)
  region size 1024K, 2 young (2048K), 2 survivors (2048K)
 Metaspace       used 4962K, committed 5120K, reserved 1114112K
  class space    used 620K, committed 704K, reserved 1048576K
}
Event: 4.429 GC heap before
{Heap before GC invocations=3 (full 0):
 garbage-first heap   total 63488K, used 37365K [0x00000000c2c00000, 0x0000000100000000)
  region size 1024K, 37 young (37888K), 2 survivors (2048K)
 Metaspace       used 12145K, committed 12416K, reserved 1114112K
  class space    used 1952K, committed 2048K, reserved 1048576K
}
Event: 4.447 GC heap after
{Heap after GC invocations=4 (full 0):
 garbage-first heap   total 63488K, used 5988K [0x00000000c2c00000, 0x0000000100000000)
  region size 1024K, 5 young (5120K), 5 survivors (5120K)
 Metaspace       used 12145K, committed 12416K, reserved 1114112K
  class space    used 1952K, committed 2048K, reserved 1048576K
}
Event: 69.773 GC heap before
{Heap before GC invocations=4 (full 0):
 garbage-first heap   total 63488K, used 40804K [0x00000000c2c00000, 0x0000000100000000)
  region size 1024K, 37 young (37888K), 5 survivors (5120K)
 Metaspace       used 17759K, committed 18112K, reserved 1114112K
  class space    used 2613K, committed 2752K, reserved 1048576K
}
Event: 69.796 GC heap after
{Heap after GC invocations=5 (full 0):
 garbage-first heap   total 63488K, used 12845K [0x00000000c2c00000, 0x0000000100000000)
  region size 1024K, 5 young (5120K), 5 survivors (5120K)
 Metaspace       used 17759K, committed 18112K, reserved 1114112K
  class space    used 2613K, committed 2752K, reserved 1048576K
}

Dll operation events (20 events):
Event: 0.985 Loaded shared library C:\Users\ASUS\.openjfx\cache\21.0.1+6\amd64\api-ms-win-crt-multibyte-l1-1-0.dll
Event: 0.993 Loaded shared library C:\Users\ASUS\.openjfx\cache\21.0.1+6\amd64\api-ms-win-crt-private-l1-1-0.dll
Event: 1.001 Loaded shared library C:\Users\ASUS\.openjfx\cache\21.0.1+6\amd64\api-ms-win-crt-process-l1-1-0.dll
Event: 1.008 Loaded shared library C:\Users\ASUS\.openjfx\cache\21.0.1+6\amd64\api-ms-win-crt-runtime-l1-1-0.dll
Event: 1.020 Loaded shared library C:\Users\ASUS\.openjfx\cache\21.0.1+6\amd64\api-ms-win-crt-stdio-l1-1-0.dll
Event: 1.026 Loaded shared library C:\Users\ASUS\.openjfx\cache\21.0.1+6\amd64\api-ms-win-crt-string-l1-1-0.dll
Event: 1.032 Loaded shared library C:\Users\ASUS\.openjfx\cache\21.0.1+6\amd64\api-ms-win-crt-time-l1-1-0.dll
Event: 1.039 Loaded shared library C:\Users\ASUS\.openjfx\cache\21.0.1+6\amd64\api-ms-win-crt-utility-l1-1-0.dll
Event: 1.069 Loaded shared library C:\Users\ASUS\.openjfx\cache\21.0.1+6\amd64\ucrtbase.dll
Event: 1.080 Loaded shared library C:\Users\ASUS\.openjfx\cache\21.0.1+6\amd64\vcruntime140.dll
Event: 1.088 Loaded shared library C:\Users\ASUS\.openjfx\cache\21.0.1+6\amd64\vcruntime140_1.dll
Event: 1.106 Loaded shared library C:\Users\ASUS\.openjfx\cache\21.0.1+6\amd64\msvcp140.dll
Event: 1.114 Loaded shared library C:\Users\ASUS\.openjfx\cache\21.0.1+6\amd64\msvcp140_1.dll
Event: 1.130 Loaded shared library C:\Users\ASUS\.openjfx\cache\21.0.1+6\amd64\msvcp140_2.dll
Event: 1.315 Loaded shared library C:\Users\ASUS\.openjfx\cache\21.0.1+6\amd64\prism_d3d.dll
Event: 1.558 Loaded shared library C:\Users\ASUS\.openjfx\cache\21.0.1+6\amd64\glass.dll
Event: 2.052 Loaded shared library C:\Users\ASUS\.openjfx\cache\21.0.1+6\amd64\javafx_font.dll
Event: 2.929 Loaded shared library C:\Program Files\Java\jdk-21\bin\jimage.dll
Event: 39.627 Loaded shared library C:\Users\ASUS\AppData\Local\Temp\sqlite-3.34.0-7dd09541-956a-481a-ac83-7031002e84cd-sqlitejdbc.dll
Event: 97.750 Loaded shared library C:\Users\ASUS\.openjfx\cache\21.0.1+6\amd64\javafx_iio.dll

Deoptimization events (20 events):
Event: 97.805 Thread 0x000001f8fe579b10 Uncommon trap: trap_request=0xffffffde fr.pc=0x000001f8b1d4f2d8 relative=0x00000000000002f8
Event: 97.805 Thread 0x000001f8fe579b10 Uncommon trap: reason=class_check action=maybe_recompile pc=0x000001f8b1d4f2d8 method=java.util.regex.Pattern$BmpCharPropertyGreedy.match(Ljava/util/regex/Matcher;ILjava/lang/CharSequence;)Z @ 26 c2
Event: 97.806 Thread 0x000001f8fe579b10 DEOPT PACKING pc=0x000001f8b1d4f2d8 sp=0x000000d29a5fcc70
Event: 97.806 Thread 0x000001f8fe579b10 DEOPT UNPACKING pc=0x000001f8b170469c sp=0x000000d29a5fcc38 mode 2
Event: 97.833 Thread 0x000001f8fe579b10 Uncommon trap: trap_request=0xffffffd6 fr.pc=0x000001f8b1e35a3c relative=0x000000000000035c
Event: 97.833 Thread 0x000001f8fe579b10 Uncommon trap: reason=array_check action=maybe_recompile pc=0x000001f8b1e35a3c method=javafx.css.CompoundSelector.applies(Ljavafx/css/Styleable;[Ljava/util/Set;I)Z @ 133 c2
Event: 97.833 Thread 0x000001f8fe579b10 DEOPT PACKING pc=0x000001f8b1e35a3c sp=0x000000d29a5fbe10
Event: 97.833 Thread 0x000001f8fe579b10 DEOPT UNPACKING pc=0x000001f8b170469c sp=0x000000d29a5fbd98 mode 2
Event: 97.833 Thread 0x000001f8fe579b10 Uncommon trap: trap_request=0xffffffd6 fr.pc=0x000001f8b1e35a3c relative=0x000000000000035c
Event: 97.833 Thread 0x000001f8fe579b10 Uncommon trap: reason=array_check action=maybe_recompile pc=0x000001f8b1e35a3c method=javafx.css.CompoundSelector.applies(Ljavafx/css/Styleable;[Ljava/util/Set;I)Z @ 133 c2
Event: 97.833 Thread 0x000001f8fe579b10 DEOPT PACKING pc=0x000001f8b1e35a3c sp=0x000000d29a5fbe10
Event: 97.833 Thread 0x000001f8fe579b10 DEOPT UNPACKING pc=0x000001f8b170469c sp=0x000000d29a5fbd98 mode 2
Event: 97.833 Thread 0x000001f8fe579b10 Uncommon trap: trap_request=0xffffffd6 fr.pc=0x000001f8b1e35a3c relative=0x000000000000035c
Event: 97.833 Thread 0x000001f8fe579b10 Uncommon trap: reason=array_check action=maybe_recompile pc=0x000001f8b1e35a3c method=javafx.css.CompoundSelector.applies(Ljavafx/css/Styleable;[Ljava/util/Set;I)Z @ 133 c2
Event: 97.833 Thread 0x000001f8fe579b10 DEOPT PACKING pc=0x000001f8b1e35a3c sp=0x000000d29a5fbe10
Event: 97.833 Thread 0x000001f8fe579b10 DEOPT UNPACKING pc=0x000001f8b170469c sp=0x000000d29a5fbd98 mode 2
Event: 97.833 Thread 0x000001f8fe579b10 Uncommon trap: trap_request=0xffffffd6 fr.pc=0x000001f8b1e35a3c relative=0x000000000000035c
Event: 97.833 Thread 0x000001f8fe579b10 Uncommon trap: reason=array_check action=maybe_recompile pc=0x000001f8b1e35a3c method=javafx.css.CompoundSelector.applies(Ljavafx/css/Styleable;[Ljava/util/Set;I)Z @ 133 c2
Event: 97.833 Thread 0x000001f8fe579b10 DEOPT PACKING pc=0x000001f8b1e35a3c sp=0x000000d29a5fbe10
Event: 97.833 Thread 0x000001f8fe579b10 DEOPT UNPACKING pc=0x000001f8b170469c sp=0x000000d29a5fbd98 mode 2

Classes loaded (20 events):
Event: 52.960 Loading class sun/util/locale/provider/BaseLocaleDataMetaInfo
Event: 52.960 Loading class sun/util/locale/provider/BaseLocaleDataMetaInfo done
Event: 52.963 Loading class sun/util/locale/provider/BreakIteratorProviderImpl$GraphemeBreakIterator
Event: 52.963 Loading class sun/util/locale/provider/BreakIteratorProviderImpl$GraphemeBreakIterator done
Event: 52.963 Loading class java/text/StringCharacterIterator
Event: 52.964 Loading class java/text/StringCharacterIterator done
Event: 52.964 Loading class sun/util/locale/provider/BreakIteratorProviderImpl$CharacterIteratorCharSequence
Event: 52.964 Loading class sun/util/locale/provider/BreakIteratorProviderImpl$CharacterIteratorCharSequence done
Event: 52.964 Loading class java/text/BreakIterator$BreakIteratorCache
Event: 52.964 Loading class java/text/BreakIterator$BreakIteratorCache done
Event: 52.964 Loading class jdk/internal/util/regex/Grapheme
Event: 52.965 Loading class jdk/internal/util/regex/Grapheme done
Event: 53.112 Loading class java/lang/FdLibm$Atan2
Event: 53.112 Loading class java/lang/FdLibm$Atan2 done
Event: 70.004 Loading class java/lang/FdLibm$Acos
Event: 70.005 Loading class java/lang/FdLibm$Acos done
Event: 97.728 Loading class java/io/EOFException
Event: 97.728 Loading class java/io/EOFException done
Event: 97.728 Loading class java/io/SequenceInputStream
Event: 97.729 Loading class java/io/SequenceInputStream done

Classes unloaded (0 events):
No events

Classes redefined (0 events):
No events

Internal exceptions (20 events):
Event: 39.681 Thread 0x000001f8fe579b10 Exception <a 'java/io/FileNotFoundException'{0x00000000c5d78dd0}> (0x00000000c5d78dd0) 
thrown [s\open\src\hotspot\share\prims\jni.cpp, line 520]
Event: 39.709 Thread 0x000001f8fe579b10 Exception <a 'java/io/FileNotFoundException'{0x00000000c5debae8}> (0x00000000c5debae8) 
thrown [s\open\src\hotspot\share\prims\jni.cpp, line 520]
Event: 52.320 Thread 0x000001f8fe579b10 Exception <a 'java/io/FileNotFoundException'{0x00000000c596a5f0}> (0x00000000c596a5f0) 
thrown [s\open\src\hotspot\share\prims\jni.cpp, line 520]
Event: 52.330 Thread 0x000001f8fe579b10 Exception <a 'java/io/FileNotFoundException'{0x00000000c59e0f50}> (0x00000000c59e0f50) 
thrown [s\open\src\hotspot\share\prims\jni.cpp, line 520]
Event: 52.518 Thread 0x000001f8fe579b10 Exception <a 'java/lang/NoSuchMethodError'{0x00000000c54dd018}: 'int java.lang.invoke.DirectMethodHandle$Holder.invokeVirtual(java.lang.Object, java.lang.Object)'> (0x00000000c54dd018) 
thrown [s\open\src\hotspot\share\interpreter\linkResolver.cpp, line 773]
Event: 69.662 Thread 0x000001f8fe579b10 Exception <a 'java/io/FileNotFoundException'{0x00000000c4a37d58}> (0x00000000c4a37d58) 
thrown [s\open\src\hotspot\share\prims\jni.cpp, line 520]
Event: 69.761 Thread 0x000001f8fe579b10 Exception <a 'java/io/FileNotFoundException'{0x00000000c4aaa7f8}> (0x00000000c4aaa7f8) 
thrown [s\open\src\hotspot\share\prims\jni.cpp, line 520]
Event: 69.773 Thread 0x000001f8fe579b10 Exception <a 'java/lang/NoSuchMethodError'{0x00000000c4afd4b0}: 'java.lang.Object java.lang.invoke.DirectMethodHandle$Holder.newInvokeSpecial(java.lang.Object, java.lang.Object, java.lang.Object, java.lang.Object, java.lang.Object, java.lang.Object, int)'> (0x00000000c4afd4b0) 
thrown [s\open\src\hotspot\share\interpreter\linkResolver.cpp, line 773]
Event: 69.800 Thread 0x000001f8fe579b10 Exception <a 'java/lang/NoSuchMethodError'{0x00000000c6910e58}: 'java.lang.Object java.lang.invoke.DirectMethodHandle$Holder.invokeSpecial(java.lang.Object, java.lang.Object, java.lang.Object, java.lang.Object, java.lang.Object, java.lang.Object, java.lang.Object, int)'> (0x00000000c6910e58) 
thrown [s\open\src\hotspot\share\interpreter\linkResolver.cpp, line 773]
Event: 69.975 Thread 0x000001f8fe579b10 Exception <a 'java/lang/NoSuchMethodError'{0x00000000c66fb720}: 'void java.lang.invoke.DirectMethodHandle$Holder.invokeSpecial(java.lang.Object, java.lang.Object, int, int)'> (0x00000000c66fb720) 
thrown [s\open\src\hotspot\share\interpreter\linkResolver.cpp, line 773]
Event: 69.975 Thread 0x000001f8fe579b10 Exception <a 'java/lang/NoSuchMethodError'{0x00000000c6501a38}: 'java.lang.Object java.lang.invoke.DirectMethodHandle$Holder.newInvokeSpecial(java.lang.Object, java.lang.Object, int, int)'> (0x00000000c6501a38) 
thrown [s\open\src\hotspot\share\interpreter\linkResolver.cpp, line 773]
Event: 69.976 Thread 0x000001f8fe579b10 Exception <a 'java/lang/NoSuchMethodError'{0x00000000c6505998}: 'java.lang.Object java.lang.invoke.DirectMethodHandle$Holder.invokeSpecial(java.lang.Object, java.lang.Object, java.lang.Object, int, int)'> (0x00000000c6505998) 
thrown [s\open\src\hotspot\share\interpreter\linkResolver.cpp, line 773]
Event: 70.137 Thread 0x000001f8fe471fb0 Exception <a 'java/lang/NoSuchMethodError'{0x00000000c6465470}: 'java.lang.Object java.lang.invoke.DirectMethodHandle$Holder.invokeStaticInit(java.lang.Object, int)'> (0x00000000c6465470) 
thrown [s\open\src\hotspot\share\interpreter\linkResolver.cpp, line 773]
Event: 81.134 Thread 0x000001f8fe579b10 Exception <a 'java/io/FileNotFoundException'{0x00000000c6316468}> (0x00000000c6316468) 
thrown [s\open\src\hotspot\share\prims\jni.cpp, line 520]
Event: 87.848 Thread 0x000001f8fe579b10 Exception <a 'java/io/FileNotFoundException'{0x00000000c617cc68}> (0x00000000c617cc68) 
thrown [s\open\src\hotspot\share\prims\jni.cpp, line 520]
Event: 87.855 Thread 0x000001f8fe579b10 Exception <a 'java/io/FileNotFoundException'{0x00000000c61ef6f0}> (0x00000000c61ef6f0) 
thrown [s\open\src\hotspot\share\prims\jni.cpp, line 520]
Event: 97.735 Thread 0x000001f8fe579b10 Exception <a 'java/io/FileNotFoundException'{0x00000000c5f68be0}> (0x00000000c5f68be0) 
thrown [s\open\src\hotspot\share\prims\jni.cpp, line 520]
Event: 97.807 Thread 0x000001f8fe579b10 Exception <a 'java/io/FileNotFoundException'{0x00000000c5faccd8}> (0x00000000c5faccd8) 
thrown [s\open\src\hotspot\share\prims\jni.cpp, line 520]
Event: 97.825 Thread 0x000001f8fe579b10 Exception <a 'java/io/FileNotFoundException'{0x00000000c5fc0f68}> (0x00000000c5fc0f68) 
thrown [s\open\src\hotspot\share\prims\jni.cpp, line 520]
Event: 97.831 Thread 0x000001f8fe579b10 Exception <a 'java/io/FileNotFoundException'{0x00000000c5e33e58}> (0x00000000c5e33e58) 
thrown [s\open\src\hotspot\share\prims\jni.cpp, line 520]

ZGC Phase Switch (0 events):
No events

VM Operations (20 events):
Event: 81.869 Executing VM operation: Cleanup
Event: 81.870 Executing VM operation: Cleanup done
Event: 83.871 Executing VM operation: Cleanup
Event: 83.871 Executing VM operation: Cleanup done
Event: 84.872 Executing VM operation: Cleanup
Event: 84.872 Executing VM operation: Cleanup done
Event: 85.872 Executing VM operation: Cleanup
Event: 85.872 Executing VM operation: Cleanup done
Event: 86.873 Executing VM operation: Cleanup
Event: 86.873 Executing VM operation: Cleanup done
Event: 87.873 Executing VM operation: Cleanup
Event: 87.874 Executing VM operation: Cleanup done
Event: 88.875 Executing VM operation: Cleanup
Event: 88.875 Executing VM operation: Cleanup done
Event: 89.875 Executing VM operation: Cleanup
Event: 89.875 Executing VM operation: Cleanup done
Event: 96.891 Executing VM operation: Cleanup
Event: 96.891 Executing VM operation: Cleanup done
Event: 97.892 Executing VM operation: Cleanup
Event: 97.892 Executing VM operation: Cleanup done

Events (18 events):
Event: 0.072 Thread 0x000001f89fbf0f10 Thread added: 0x000001f89fbf0f10
Event: 0.102 Thread 0x000001f8bc446f10 Thread added: 0x000001f8bc446f10
Event: 0.102 Thread 0x000001f8bc44ad40 Thread added: 0x000001f8bc44ad40
Event: 0.103 Thread 0x000001f8bc44c140 Thread added: 0x000001f8bc44c140
Event: 0.103 Thread 0x000001f8bc450320 Thread added: 0x000001f8bc450320
Event: 0.103 Thread 0x000001f8bc450eb0 Thread added: 0x000001f8bc450eb0
Event: 0.104 Thread 0x000001f8bc453c00 Thread added: 0x000001f8bc453c00
Event: 0.104 Thread 0x000001f8bc461450 Thread added: 0x000001f8bc461450
Event: 0.104 Thread 0x000001f8bc464c60 Thread added: 0x000001f8bc464c60
Event: 0.172 Thread 0x000001f8bc43c970 Thread added: 0x000001f8bc43c970
Event: 0.443 Thread 0x000001f8fe0b2940 Thread added: 0x000001f8fe0b2940
Event: 1.279 Thread 0x000001f8fe471fb0 Thread added: 0x000001f8fe471fb0
Event: 1.562 Thread 0x000001f8fe5794a0 Thread added: 0x000001f8fe5794a0
Event: 1.568 Thread 0x000001f8fe579b10 Thread added: 0x000001f8fe579b10
Event: 1.742 Thread 0x000001f8fe7c5560 Thread added: 0x000001f8fe7c5560
Event: 1.750 Thread 0x000001f8fe7c5bd0 Thread added: 0x000001f8fe7c5bd0
Event: 3.608 Thread 0x000001f8ff3ff610 Thread added: 0x000001f8ff3ff610
Event: 4.583 Thread 0x000001f8ff3ffca0 Thread added: 0x000001f8ff3ffca0


Dynamic libraries:
0x00007ff67ca00000 - 0x00007ff67ca10000 	C:\Program Files\Java\jdk-21\bin\java.exe
0x00007fffc5530000 - 0x00007fffc5747000 	C:\WINDOWS\SYSTEM32\ntdll.dll
0x00007fffc47f0000 - 0x00007fffc48b4000 	C:\WINDOWS\System32\KERNEL32.DLL
0x00007fffc2ba0000 - 0x00007fffc2f47000 	C:\WINDOWS\System32\KERNELBASE.dll
0x00007fffc3020000 - 0x00007fffc3131000 	C:\WINDOWS\System32\ucrtbase.dll
0x00007fffb0470000 - 0x00007fffb0489000 	C:\Program Files\Java\jdk-21\bin\jli.dll
0x00007fffc4f60000 - 0x00007fffc5012000 	C:\WINDOWS\System32\ADVAPI32.dll
0x00007fffc4600000 - 0x00007fffc46a7000 	C:\WINDOWS\System32\msvcrt.dll
0x00007fffc4eb0000 - 0x00007fffc4f58000 	C:\WINDOWS\System32\sechost.dll
0x00007fffc2f50000 - 0x00007fffc2f78000 	C:\WINDOWS\System32\bcrypt.dll
0x00007fffc36e0000 - 0x00007fffc37f5000 	C:\WINDOWS\System32\RPCRT4.dll
0x00007fffc3390000 - 0x00007fffc353e000 	C:\WINDOWS\System32\USER32.dll
0x00007fffc2ff0000 - 0x00007fffc3016000 	C:\WINDOWS\System32\win32u.dll
0x00007fffc54c0000 - 0x00007fffc54e9000 	C:\WINDOWS\System32\GDI32.dll
0x00007fffc2850000 - 0x00007fffc2969000 	C:\WINDOWS\System32\gdi32full.dll
0x00007fffc3140000 - 0x00007fffc31da000 	C:\WINDOWS\System32\msvcp_win.dll
0x00007fff98250000 - 0x00007fff9826b000 	C:\Program Files\Java\jdk-21\bin\VCRUNTIME140.dll
0x00007fffb1800000 - 0x00007fffb1a93000 	C:\WINDOWS\WinSxS\amd64_microsoft.windows.common-controls_6595b64144ccf1df_6.0.22621.3527_none_270e469b73872a76\COMCTL32.dll
0x00007fffb1c80000 - 0x00007fffb1c8a000 	C:\WINDOWS\SYSTEM32\VERSION.dll
0x00007fffc4a90000 - 0x00007fffc4ac1000 	C:\WINDOWS\System32\IMM32.DLL
0x00007fffb0460000 - 0x00007fffb046c000 	C:\Program Files\Java\jdk-21\bin\vcruntime140_1.dll
0x00007fff92fe0000 - 0x00007fff9306e000 	C:\Program Files\Java\jdk-21\bin\msvcp140.dll
0x00007fff35c00000 - 0x00007fff36915000 	C:\Program Files\Java\jdk-21\bin\server\jvm.dll
0x00007fffc4480000 - 0x00007fffc44f1000 	C:\WINDOWS\System32\WS2_32.dll
0x00007fffc2560000 - 0x00007fffc25ad000 	C:\WINDOWS\SYSTEM32\POWRPROF.dll
0x00007fffb5c30000 - 0x00007fffb5c64000 	C:\WINDOWS\SYSTEM32\WINMM.dll
0x00007fffc2540000 - 0x00007fffc2553000 	C:\WINDOWS\SYSTEM32\UMPDC.dll
0x00007fffc1840000 - 0x00007fffc1858000 	C:\WINDOWS\SYSTEM32\kernel.appcore.dll
0x00007fffa2820000 - 0x00007fffa282a000 	C:\Program Files\Java\jdk-21\bin\jimage.dll
0x00007fffc00a0000 - 0x00007fffc02d2000 	C:\WINDOWS\SYSTEM32\DBGHELP.DLL
0x00007fffc40f0000 - 0x00007fffc4478000 	C:\WINDOWS\System32\combase.dll
0x00007fffc46b0000 - 0x00007fffc4787000 	C:\WINDOWS\System32\OLEAUT32.dll
0x00007fff9b720000 - 0x00007fff9b752000 	C:\WINDOWS\SYSTEM32\dbgcore.DLL
0x00007fffc31e0000 - 0x00007fffc3259000 	C:\WINDOWS\System32\bcryptPrimitives.dll
0x00007fff94a10000 - 0x00007fff94a2f000 	C:\Program Files\Java\jdk-21\bin\java.dll
0x00007fffc3800000 - 0x00007fffc405c000 	C:\WINDOWS\System32\SHELL32.dll
0x00007fffc05e0000 - 0x00007fffc0ed6000 	C:\WINDOWS\SYSTEM32\windows.storage.dll
0x00007fffc0f00000 - 0x00007fffc103e000 	C:\WINDOWS\SYSTEM32\wintypes.dll
0x00007fffc4500000 - 0x00007fffc45f5000 	C:\WINDOWS\System32\SHCORE.dll
0x00007fffc4790000 - 0x00007fffc47ee000 	C:\WINDOWS\System32\shlwapi.dll
0x00007fffc2780000 - 0x00007fffc27a1000 	C:\WINDOWS\SYSTEM32\profapi.dll
0x00007fff89600000 - 0x00007fff896d7000 	C:\Program Files\Java\jdk-21\bin\jsvml.dll
0x00007fff94a00000 - 0x00007fff94a10000 	C:\Program Files\Java\jdk-21\bin\net.dll
0x00007fffb5880000 - 0x00007fffb59b6000 	C:\WINDOWS\SYSTEM32\WINHTTP.dll
0x00007fffc1ca0000 - 0x00007fffc1d09000 	C:\WINDOWS\system32\mswsock.dll
0x00007fff92fc0000 - 0x00007fff92fd6000 	C:\Program Files\Java\jdk-21\bin\nio.dll
0x00007fff92fa0000 - 0x00007fff92fb8000 	C:\Program Files\Java\jdk-21\bin\zip.dll
0x000001f8bca60000 - 0x000001f8bca63000 	C:\Users\ASUS\.openjfx\cache\21.0.1+6\amd64\api-ms-win-core-console-l1-1-0.dll
0x000001f8bca70000 - 0x000001f8bca73000 	C:\Users\ASUS\.openjfx\cache\21.0.1+6\amd64\api-ms-win-core-console-l1-2-0.dll
0x000001f8bca80000 - 0x000001f8bca83000 	C:\Users\ASUS\.openjfx\cache\21.0.1+6\amd64\api-ms-win-core-datetime-l1-1-0.dll
0x000001f8bca90000 - 0x000001f8bca93000 	C:\Users\ASUS\.openjfx\cache\21.0.1+6\amd64\api-ms-win-core-debug-l1-1-0.dll
0x000001f8bcaa0000 - 0x000001f8bcaa3000 	C:\Users\ASUS\.openjfx\cache\21.0.1+6\amd64\api-ms-win-core-errorhandling-l1-1-0.dll
0x000001f8bcab0000 - 0x000001f8bcab4000 	C:\Users\ASUS\.openjfx\cache\21.0.1+6\amd64\api-ms-win-core-file-l1-1-0.dll
0x000001f8bcac0000 - 0x000001f8bcac3000 	C:\Users\ASUS\.openjfx\cache\21.0.1+6\amd64\api-ms-win-core-file-l1-2-0.dll
0x000001f8bcad0000 - 0x000001f8bcad3000 	C:\Users\ASUS\.openjfx\cache\21.0.1+6\amd64\api-ms-win-core-file-l2-1-0.dll
0x000001f8bcae0000 - 0x000001f8bcae3000 	C:\Users\ASUS\.openjfx\cache\21.0.1+6\amd64\api-ms-win-core-handle-l1-1-0.dll
0x000001f8bcaf0000 - 0x000001f8bcaf3000 	C:\Users\ASUS\.openjfx\cache\21.0.1+6\amd64\api-ms-win-core-heap-l1-1-0.dll
0x000001f8bcb00000 - 0x000001f8bcb03000 	C:\Users\ASUS\.openjfx\cache\21.0.1+6\amd64\api-ms-win-core-interlocked-l1-1-0.dll
0x000001f8bcb10000 - 0x000001f8bcb13000 	C:\Users\ASUS\.openjfx\cache\21.0.1+6\amd64\api-ms-win-core-libraryloader-l1-1-0.dll
0x000001f8bcb20000 - 0x000001f8bcb23000 	C:\Users\ASUS\.openjfx\cache\21.0.1+6\amd64\api-ms-win-core-localization-l1-2-0.dll
0x000001f8bcb30000 - 0x000001f8bcb33000 	C:\Users\ASUS\.openjfx\cache\21.0.1+6\amd64\api-ms-win-core-memory-l1-1-0.dll
0x000001f8bcb40000 - 0x000001f8bcb43000 	C:\Users\ASUS\.openjfx\cache\21.0.1+6\amd64\api-ms-win-core-namedpipe-l1-1-0.dll
0x000001f8bcb50000 - 0x000001f8bcb53000 	C:\Users\ASUS\.openjfx\cache\21.0.1+6\amd64\api-ms-win-core-processenvironment-l1-1-0.dll
0x000001f8bcb60000 - 0x000001f8bcb63000 	C:\Users\ASUS\.openjfx\cache\21.0.1+6\amd64\api-ms-win-core-processthreads-l1-1-0.dll
0x000001f8bcb70000 - 0x000001f8bcb73000 	C:\Users\ASUS\.openjfx\cache\21.0.1+6\amd64\api-ms-win-core-processthreads-l1-1-1.dll
0x000001f8bcb80000 - 0x000001f8bcb83000 	C:\Users\ASUS\.openjfx\cache\21.0.1+6\amd64\api-ms-win-core-profile-l1-1-0.dll
0x000001f8bcb90000 - 0x000001f8bcb93000 	C:\Users\ASUS\.openjfx\cache\21.0.1+6\amd64\api-ms-win-core-rtlsupport-l1-1-0.dll
0x000001f8bcba0000 - 0x000001f8bcba3000 	C:\Users\ASUS\.openjfx\cache\21.0.1+6\amd64\api-ms-win-core-string-l1-1-0.dll
0x000001f8bcbb0000 - 0x000001f8bcbb3000 	C:\Users\ASUS\.openjfx\cache\21.0.1+6\amd64\api-ms-win-core-synch-l1-1-0.dll
0x000001f8bcbc0000 - 0x000001f8bcbc3000 	C:\Users\ASUS\.openjfx\cache\21.0.1+6\amd64\api-ms-win-core-synch-l1-2-0.dll
0x000001f8bcbd0000 - 0x000001f8bcbd3000 	C:\Users\ASUS\.openjfx\cache\21.0.1+6\amd64\api-ms-win-core-sysinfo-l1-1-0.dll
0x000001f8bcbe0000 - 0x000001f8bcbe3000 	C:\Users\ASUS\.openjfx\cache\21.0.1+6\amd64\api-ms-win-core-timezone-l1-1-0.dll
0x000001f8bcbf0000 - 0x000001f8bcbf3000 	C:\Users\ASUS\.openjfx\cache\21.0.1+6\amd64\api-ms-win-core-util-l1-1-0.dll
0x000001f8bcc00000 - 0x000001f8bcc03000 	C:\Users\ASUS\.openjfx\cache\21.0.1+6\amd64\api-ms-win-crt-conio-l1-1-0.dll
0x000001f8bcc10000 - 0x000001f8bcc14000 	C:\Users\ASUS\.openjfx\cache\21.0.1+6\amd64\api-ms-win-crt-convert-l1-1-0.dll
0x000001f8bcc20000 - 0x000001f8bcc23000 	C:\Users\ASUS\.openjfx\cache\21.0.1+6\amd64\api-ms-win-crt-environment-l1-1-0.dll
0x000001f8bcc30000 - 0x000001f8bcc33000 	C:\Users\ASUS\.openjfx\cache\21.0.1+6\amd64\api-ms-win-crt-filesystem-l1-1-0.dll
0x000001f8bcc40000 - 0x000001f8bcc43000 	C:\Users\ASUS\.openjfx\cache\21.0.1+6\amd64\api-ms-win-crt-heap-l1-1-0.dll
0x000001f8bcc50000 - 0x000001f8bcc53000 	C:\Users\ASUS\.openjfx\cache\21.0.1+6\amd64\api-ms-win-crt-locale-l1-1-0.dll
0x000001f8bcc60000 - 0x000001f8bcc65000 	C:\Users\ASUS\.openjfx\cache\21.0.1+6\amd64\api-ms-win-crt-math-l1-1-0.dll
0x000001f8bcc70000 - 0x000001f8bcc75000 	C:\Users\ASUS\.openjfx\cache\21.0.1+6\amd64\api-ms-win-crt-multibyte-l1-1-0.dll
0x000001f8bcc80000 - 0x000001f8bcc90000 	C:\Users\ASUS\.openjfx\cache\21.0.1+6\amd64\api-ms-win-crt-private-l1-1-0.dll
0x000001f8bcc90000 - 0x000001f8bcc93000 	C:\Users\ASUS\.openjfx\cache\21.0.1+6\amd64\api-ms-win-crt-process-l1-1-0.dll
0x000001f8bcca0000 - 0x000001f8bcca4000 	C:\Users\ASUS\.openjfx\cache\21.0.1+6\amd64\api-ms-win-crt-runtime-l1-1-0.dll
0x000001f8bccb0000 - 0x000001f8bccb4000 	C:\Users\ASUS\.openjfx\cache\21.0.1+6\amd64\api-ms-win-crt-stdio-l1-1-0.dll
0x000001f8bccc0000 - 0x000001f8bccc4000 	C:\Users\ASUS\.openjfx\cache\21.0.1+6\amd64\api-ms-win-crt-string-l1-1-0.dll
0x000001f8bccd0000 - 0x000001f8bccd3000 	C:\Users\ASUS\.openjfx\cache\21.0.1+6\amd64\api-ms-win-crt-time-l1-1-0.dll
0x000001f8bcce0000 - 0x000001f8bcce3000 	C:\Users\ASUS\.openjfx\cache\21.0.1+6\amd64\api-ms-win-crt-utility-l1-1-0.dll
0x00007fff94010000 - 0x00007fff9410c000 	C:\Users\ASUS\.openjfx\cache\21.0.1+6\amd64\ucrtbase.dll
0x00007fffb5c90000 - 0x00007fffb5cab000 	C:\Users\ASUS\.openjfx\cache\21.0.1+6\amd64\vcruntime140.dll
0x00007fffb4fc0000 - 0x00007fffb4fcc000 	C:\Users\ASUS\.openjfx\cache\21.0.1+6\amd64\vcruntime140_1.dll
0x00007fffafd90000 - 0x00007fffafe1e000 	C:\Users\ASUS\.openjfx\cache\21.0.1+6\amd64\msvcp140.dll
0x00007fffc4ad0000 - 0x00007fffc4c75000 	C:\WINDOWS\System32\ole32.dll
0x00007fffb4fb0000 - 0x00007fffb4fb9000 	C:\Users\ASUS\.openjfx\cache\21.0.1+6\amd64\msvcp140_1.dll
0x00007fffb02f0000 - 0x00007fffb031f000 	C:\Users\ASUS\.openjfx\cache\21.0.1+6\amd64\msvcp140_2.dll
0x00007fffafd10000 - 0x00007fffafd3f000 	C:\Users\ASUS\.openjfx\cache\21.0.1+6\amd64\prism_d3d.dll
0x00007fff86cf0000 - 0x00007fff86e99000 	C:\WINDOWS\system32\d3d9.dll
0x00007fffbfb20000 - 0x00007fffbfb4b000 	C:\WINDOWS\SYSTEM32\dwmapi.dll
0x00007fffbf9d0000 - 0x00007fffbfa09000 	C:\WINDOWS\SYSTEM32\dxcore.dll
0x00007fffbf8a0000 - 0x00007fffbf94b000 	C:\WINDOWS\system32\uxtheme.dll
0x00007fff93ea0000 - 0x00007fff94003000 	C:\Windows\System32\DriverStore\FileRepository\iigd_dch.inf_amd64_65699211310d39bb\igdumdim64.dll
0x00007fff4d1f0000 - 0x00007fff51975000 	C:\Windows\System32\DriverStore\FileRepository\iigd_dch.inf_amd64_65699211310d39bb\igd9dxva64.dll
0x00007fffc5040000 - 0x00007fffc54b4000 	C:\WINDOWS\System32\SETUPAPI.dll
0x00007fffc24c0000 - 0x00007fffc250e000 	C:\WINDOWS\SYSTEM32\cfgmgr32.dll
0x00007fffb9730000 - 0x00007fffb99b1000 	C:\Windows\System32\DriverStore\FileRepository\iigd_dch.inf_amd64_65699211310d39bb\igdgmm64.dll
0x00007fffbd5e0000 - 0x00007fffbd62a000 	C:\WINDOWS\SYSTEM32\directxdatabasehelper.dll
0x00007fffa2a70000 - 0x00007fffa2ab2000 	C:\Users\ASUS\.openjfx\cache\21.0.1+6\amd64\glass.dll
0x00007fffc35d0000 - 0x00007fffc36c7000 	C:\WINDOWS\System32\COMDLG32.dll
0x00007fffc48c0000 - 0x00007fffc4a13000 	C:\WINDOWS\System32\MSCTF.dll
0x00007fff65c70000 - 0x00007fff65c97000 	C:\Windows\System32\DriverStore\FileRepository\iigd_dch.inf_amd64_65699211310d39bb\igdinfo64.dll
0x00007fffb68e0000 - 0x00007fffb9724000 	C:\Windows\System32\DriverStore\FileRepository\iigd_dch.inf_amd64_65699211310d39bb\igc64.dll
0x00007fffafd70000 - 0x00007fffafd84000 	C:\Users\ASUS\.openjfx\cache\21.0.1+6\amd64\javafx_font.dll
0x00007fffbe060000 - 0x00007fffbe2d4000 	C:\WINDOWS\SYSTEM32\dwrite.dll
0x00007fffc32e0000 - 0x00007fffc3390000 	C:\WINDOWS\System32\clbcatq.dll
0x00007fffbdac0000 - 0x00007fffbdc70000 	C:\WINDOWS\SYSTEM32\WindowsCodecs.dll
0x00007fff9b6c0000 - 0x00007fff9b71e000 	C:\WINDOWS\system32\dataexchange.dll
0x00007fffbbfa0000 - 0x00007fffbc22b000 	C:\WINDOWS\system32\twinapi.appcore.dll
0x00007fff9d450000 - 0x00007fff9d482000 	C:\Program Files\Common Files\Microsoft Shared\Ink\rtscom.dll
0x00007fffb2180000 - 0x00007fffb22cb000 	C:\WINDOWS\SYSTEM32\textinputframework.dll
0x00007fffbf300000 - 0x00007fffbf433000 	C:\WINDOWS\SYSTEM32\CoreMessaging.dll
0x00007fffbcef0000 - 0x00007fffbd25c000 	C:\WINDOWS\SYSTEM32\CoreUIComponents.dll
0x00007fffc1ec0000 - 0x00007fffc1ecc000 	C:\WINDOWS\SYSTEM32\CRYPTBASE.DLL
0x00007fffc1ed0000 - 0x00007fffc1eeb000 	C:\WINDOWS\SYSTEM32\CRYPTSP.dll
0x00007fffc17a0000 - 0x00007fffc17d5000 	C:\WINDOWS\system32\rsaenh.dll
0x00007fffc1d60000 - 0x00007fffc1d88000 	C:\WINDOWS\SYSTEM32\USERENV.dll
0x00007fffc1330000 - 0x00007fffc135d000 	C:\WINDOWS\SYSTEM32\IPHLPAPI.DLL
0x00007fffc35c0000 - 0x00007fffc35c9000 	C:\WINDOWS\System32\NSI.dll
0x0000000067740000 - 0x0000000067818000 	C:\Users\ASUS\AppData\Local\Temp\sqlite-3.34.0-7dd09541-956a-481a-ac83-7031002e84cd-sqlitejdbc.dll

dbghelp: loaded successfully - version: 4.0.5 - missing functions: none
symbol engine: initialized successfully - sym options: 0x614 - pdb path: .;C:\Program Files\Java\jdk-21\bin;C:\WINDOWS\SYSTEM32;C:\WINDOWS\WinSxS\amd64_microsoft.windows.common-controls_6595b64144ccf1df_6.0.22621.3527_none_270e469b73872a76;C:\Program Files\Java\jdk-21\bin\server;C:\Users\ASUS\.openjfx\cache\21.0.1+6\amd64;C:\Windows\System32\DriverStore\FileRepository\iigd_dch.inf_amd64_65699211310d39bb;C:\Program Files\Common Files\Microsoft Shared\Ink;C:\Users\ASUS\AppData\Local\Temp

VM Arguments:
jvm_args: --module-path=C:\Users\ASUS\.gradle\caches\modules-2\files-2.1\org.openjfx\javafx-controls\21.0.1\f97557705aba7fb552fe1bf6e4bdb72bab1924ba\javafx-controls-21.0.1-win.jar;C:\Users\ASUS\.gradle\caches\modules-2\files-2.1\org.openjfx\javafx-graphics\21.0.1\f92cc4656711f2ce8b1928d3b063fd4746ea23e4\javafx-graphics-21.0.1-win.jar;C:\Users\ASUS\.gradle\caches\modules-2\files-2.1\org.openjfx\javafx-base\21.0.1\adb6ee2aa7dff77286a0673dd0c001e318e7224\javafx-base-21.0.1-win.jar --add-modules=javafx.controls -Dfile.encoding=UTF-8 -Duser.country=US -Duser.language=en -Duser.variant 
java_command: handtohand.App
java_class_path (initial): D:\handtohand\handtohand\app\build\classes\java\main;D:\handtohand\handtohand\app\build\resources\main;C:\Users\ASUS\.gradle\caches\modules-2\files-2.1\com.google.guava\guava\31.1-jre\60458f877d055d0c9114d9e1a2efb737b4bc282c\guava-31.1-jre.jar;C:\Users\ASUS\.gradle\caches\modules-2\files-2.1\org.xerial\sqlite-jdbc\3.34.0\fd29bb0124e3f79c80b2753162a6a3873c240bcf\sqlite-jdbc-3.34.0.jar;C:\Users\ASUS\.gradle\caches\modules-2\files-2.1\com.google.guava\failureaccess\1.0.1\1dcf1de382a0bf95a3d8b0849546c88bac1292c9\failureaccess-1.0.1.jar;C:\Users\ASUS\.gradle\caches\modules-2\files-2.1\com.google.guava\listenablefuture\9999.0-empty-to-avoid-conflict-with-guava\b421526c5f297295adef1c886e5246c39d4ac629\listenablefuture-9999.0-empty-to-avoid-conflict-with-guava.jar;C:\Users\ASUS\.gradle\caches\modules-2\files-2.1\com.google.code.findbugs\jsr305\3.0.2\25ea2e8b0c338a877313bd4672d3fe056ea78f0d\jsr305-3.0.2.jar;C:\Users\ASUS\.gradle\caches\modules-2\files-2.1\org.checkerframework\checker-qual\3.12.0\d5692f0526415fcc6de94bb5bfbd3afd9dd3b3e5\checker-qual-3.12.0.jar;C:\Users\ASUS\.gradle\caches\modules-2\files-2.1\com.google.errorprone\error_prone_annotations\2.11.0\c5a0ace696d3f8b1c1d8cc036d8c03cc0cbe6b69\error_prone_annotations-2.11.0.jar;C:\Users\ASUS\.gradle\caches\modules-2\files-2.1\com.google.j2objc\j2objc-annotations\1.3\ba035118bc8bac37d7eff77700720999acd9986d\j2objc-annotations-1.3.jar
Launcher Type: SUN_STANDARD

[Global flags]
     intx CICompilerCount                          = 2                                         {product} {ergonomic}
     uint ConcGCThreads                            = 1                                         {product} {ergonomic}
     uint G1ConcRefinementThreads                  = 2                                         {product} {ergonomic}
   size_t G1HeapRegionSize                         = 1048576                                   {product} {ergonomic}
    uintx GCDrainStackTargetSize                   = 64                                        {product} {ergonomic}
   size_t InitialHeapSize                          = 65011712                                  {product} {ergonomic}
   size_t MarkStackSize                            = 4194304                                   {product} {ergonomic}
   size_t MaxHeapSize                              = 1027604480                                {product} {ergonomic}
   size_t MaxNewSize                               = 616562688                                 {product} {ergonomic}
   size_t MinHeapDeltaBytes                        = 1048576                                   {product} {ergonomic}
   size_t MinHeapSize                              = 8388608                                   {product} {ergonomic}
    uintx NonNMethodCodeHeapSize                   = 5826188                                {pd product} {ergonomic}
    uintx NonProfiledCodeHeapSize                  = 122916026                              {pd product} {ergonomic}
    uintx ProfiledCodeHeapSize                     = 122916026                              {pd product} {ergonomic}
    uintx ReservedCodeCacheSize                    = 251658240                              {pd product} {ergonomic}
     bool SegmentedCodeCache                       = true                                      {product} {ergonomic}
   size_t SoftMaxHeapSize                          = 1027604480                             {manageable} {ergonomic}
     bool UseCompressedOops                        = true                           {product lp64_product} {ergonomic}
     bool UseG1GC                                  = true                                      {product} {ergonomic}
     bool UseLargePagesIndividualAllocation        = false                                  {pd product} {ergonomic}

Logging:
Log output configuration:
 #0: stdout all=warning uptime,level,tags foldmultilines=false
 #1: stderr all=off uptime,level,tags foldmultilines=false

Environment Variables:
CLASSPATH=D:\handtohand\handtohand\\gradle\wrapper\gradle-wrapper.jar
PATH=C:\Program Files\Common Files\Oracle\Java\javapath;C:\WINDOWS\system32;C:\WINDOWS;C:\WINDOWS\System32\Wbem;C:\WINDOWS\System32\WindowsPowerShell\v1.0\;C:\WINDOWS\System32\OpenSSH\;C:\Program Files\Git\cmd;C:\msys64\mingw64\bin;C:\Users\ASUS\AppData\Local\Microsoft\WindowsApps;C:\Users\ASUS\AppData\Local\Programs\Microsoft VS Code\bin
USERNAME=ASUS
LANG=en_US.UTF-8
OS=Windows_NT
PROCESSOR_IDENTIFIER=Intel64 Family 6 Model 122 Stepping 8, GenuineIntel
TMP=C:\Users\ASUS\AppData\Local\Temp
TEMP=C:\Users\ASUS\AppData\Local\Temp




Periodic native trim disabled

---------------  S Y S T E M  ---------------

OS:
 Windows 11 , 64 bit Build 22621 (10.0.22621.3527)
OS uptime: 1 days 15:57 hours
Hyper-V role detected

CPU: total 2 (initial active 2) (2 cores per cpu, 1 threads per core) family 6 model 122 stepping 8 microcode 0x18, cx8, cmov, fxsr, mmx, 3dnowpref, sse, sse2, sse3, ssse3, sse4.1, sse4.2, popcnt, tsc, tscinvbit, aes, erms, clmul, sha, clflush, clflushopt, hv, rdtscp, rdpid
Processor Information for all 2 processors :
  Max Mhz: 1101, Current Mhz: 1101, Mhz Limit: 1101

Memory: 4k page, system-wide physical 3918M (280M free)
TotalPageFile size 8014M (AvailPageFile size 2M)
current process WorkingSet (physical memory assigned to process): 225M, peak: 225M
current process commit charge ("private bytes"): 251M, peak: 253M

vm_info: Java HotSpot(TM) 64-Bit Server VM (21.0.1+12-LTS-29) for windows-amd64 JRE (21.0.1+12-LTS-29), built on 2023-10-05T13:27:09Z by "mach5one" with MS VC++ 17.1 (VS2022)

END.
